<?xml version="1.0" encoding="UTF-8"?>
<testsuite xmlns:xsi="http://www.w3.org/2001/XMLSchema-instance" xsi:noNamespaceSchemaLocation="https://maven.apache.org/surefire/maven-surefire-plugin/xsd/surefire-test-report-3.0.xsd" version="3.0" name="Runners.TestRunner" time="2.817" tests="12" errors="12" skipped="0" failures="0">
  <properties>
    <property name="sun.desktop" value="windows"/>
    <property name="awt.toolkit" value="sun.awt.windows.WToolkit"/>
    <property name="file.encoding.pkg" value="sun.io"/>
    <property name="java.specification.version" value="1.8"/>
    <property name="sun.cpu.isalist" value="amd64"/>
    <property name="sun.jnu.encoding" value="Cp1252"/>
    <property name="java.class.path" value="C:\Users\mary.nassif\Downloads\Egy Fwd\CucumberEcommerceApp\target\test-classes;C:\Users\mary.nassif\Downloads\Egy Fwd\CucumberEcommerceApp\target\classes;C:\Users\mary.nassif\.m2\repository\org\seleniumhq\selenium\selenium-java\4.7.2\selenium-java-4.7.2.jar;C:\Users\mary.nassif\.m2\repository\org\seleniumhq\selenium\selenium-api\4.7.2\selenium-api-4.7.2.jar;C:\Users\mary.nassif\.m2\repository\org\seleniumhq\selenium\selenium-chrome-driver\4.7.2\selenium-chrome-driver-4.7.2.jar;C:\Users\mary.nassif\.m2\repository\com\google\auto\service\auto-service-annotations\1.0.1\auto-service-annotations-1.0.1.jar;C:\Users\mary.nassif\.m2\repository\com\google\auto\service\auto-service\1.0.1\auto-service-1.0.1.jar;C:\Users\mary.nassif\.m2\repository\com\google\auto\auto-common\1.2\auto-common-1.2.jar;C:\Users\mary.nassif\.m2\repository\com\google\guava\guava\31.1-jre\guava-31.1-jre.jar;C:\Users\mary.nassif\.m2\repository\com\google\guava\failureaccess\1.0.1\failureaccess-1.0.1.jar;C:\Users\mary.nassif\.m2\repository\com\google\guava\listenablefuture\9999.0-empty-to-avoid-conflict-with-guava\listenablefuture-9999.0-empty-to-avoid-conflict-with-guava.jar;C:\Users\mary.nassif\.m2\repository\com\google\code\findbugs\jsr305\3.0.2\jsr305-3.0.2.jar;C:\Users\mary.nassif\.m2\repository\org\checkerframework\checker-qual\3.12.0\checker-qual-3.12.0.jar;C:\Users\mary.nassif\.m2\repository\com\google\errorprone\error_prone_annotations\2.11.0\error_prone_annotations-2.11.0.jar;C:\Users\mary.nassif\.m2\repository\com\google\j2objc\j2objc-annotations\1.3\j2objc-annotations-1.3.jar;C:\Users\mary.nassif\.m2\repository\org\seleniumhq\selenium\selenium-chromium-driver\4.7.2\selenium-chromium-driver-4.7.2.jar;C:\Users\mary.nassif\.m2\repository\org\seleniumhq\selenium\selenium-json\4.7.2\selenium-json-4.7.2.jar;C:\Users\mary.nassif\.m2\repository\org\seleniumhq\selenium\selenium-devtools-v106\4.7.2\selenium-devtools-v106-4.7.2.jar;C:\Users\mary.nassif\.m2\repository\org\seleniumhq\selenium\selenium-devtools-v107\4.7.2\selenium-devtools-v107-4.7.2.jar;C:\Users\mary.nassif\.m2\repository\org\seleniumhq\selenium\selenium-devtools-v108\4.7.2\selenium-devtools-v108-4.7.2.jar;C:\Users\mary.nassif\.m2\repository\org\seleniumhq\selenium\selenium-devtools-v85\4.7.2\selenium-devtools-v85-4.7.2.jar;C:\Users\mary.nassif\.m2\repository\org\seleniumhq\selenium\selenium-edge-driver\4.7.2\selenium-edge-driver-4.7.2.jar;C:\Users\mary.nassif\.m2\repository\org\seleniumhq\selenium\selenium-firefox-driver\4.7.2\selenium-firefox-driver-4.7.2.jar;C:\Users\mary.nassif\.m2\repository\org\seleniumhq\selenium\selenium-http\4.7.2\selenium-http-4.7.2.jar;C:\Users\mary.nassif\.m2\repository\dev\failsafe\failsafe\3.3.0\failsafe-3.3.0.jar;C:\Users\mary.nassif\.m2\repository\org\seleniumhq\selenium\selenium-ie-driver\4.7.2\selenium-ie-driver-4.7.2.jar;C:\Users\mary.nassif\.m2\repository\org\seleniumhq\selenium\selenium-remote-driver\4.7.2\selenium-remote-driver-4.7.2.jar;C:\Users\mary.nassif\.m2\repository\com\beust\jcommander\1.82\jcommander-1.82.jar;C:\Users\mary.nassif\.m2\repository\io\netty\netty-buffer\4.1.84.Final\netty-buffer-4.1.84.Final.jar;C:\Users\mary.nassif\.m2\repository\io\netty\netty-codec-http\4.1.84.Final\netty-codec-http-4.1.84.Final.jar;C:\Users\mary.nassif\.m2\repository\io\netty\netty-codec\4.1.84.Final\netty-codec-4.1.84.Final.jar;C:\Users\mary.nassif\.m2\repository\io\netty\netty-handler\4.1.84.Final\netty-handler-4.1.84.Final.jar;C:\Users\mary.nassif\.m2\repository\io\netty\netty-common\4.1.84.Final\netty-common-4.1.84.Final.jar;C:\Users\mary.nassif\.m2\repository\io\netty\netty-transport-classes-epoll\4.1.84.Final\netty-transport-classes-epoll-4.1.84.Final.jar;C:\Users\mary.nassif\.m2\repository\io\netty\netty-transport-classes-kqueue\4.1.84.Final\netty-transport-classes-kqueue-4.1.84.Final.jar;C:\Users\mary.nassif\.m2\repository\io\netty\netty-transport-native-epoll\4.1.84.Final\netty-transport-native-epoll-4.1.84.Final.jar;C:\Users\mary.nassif\.m2\repository\io\netty\netty-transport-native-kqueue\4.1.84.Final\netty-transport-native-kqueue-4.1.84.Final.jar;C:\Users\mary.nassif\.m2\repository\io\netty\netty-transport-native-unix-common\4.1.84.Final\netty-transport-native-unix-common-4.1.84.Final.jar;C:\Users\mary.nassif\.m2\repository\io\netty\netty-transport\4.1.84.Final\netty-transport-4.1.84.Final.jar;C:\Users\mary.nassif\.m2\repository\io\netty\netty-resolver\4.1.84.Final\netty-resolver-4.1.84.Final.jar;C:\Users\mary.nassif\.m2\repository\io\opentelemetry\opentelemetry-api\1.19.0\opentelemetry-api-1.19.0.jar;C:\Users\mary.nassif\.m2\repository\io\opentelemetry\opentelemetry-context\1.19.0\opentelemetry-context-1.19.0.jar;C:\Users\mary.nassif\.m2\repository\io\opentelemetry\opentelemetry-exporter-logging\1.19.0\opentelemetry-exporter-logging-1.19.0.jar;C:\Users\mary.nassif\.m2\repository\io\opentelemetry\opentelemetry-sdk-metrics\1.19.0\opentelemetry-sdk-metrics-1.19.0.jar;C:\Users\mary.nassif\.m2\repository\io\opentelemetry\opentelemetry-sdk-logs\1.19.0-alpha\opentelemetry-sdk-logs-1.19.0-alpha.jar;C:\Users\mary.nassif\.m2\repository\io\opentelemetry\opentelemetry-api-logs\1.19.0-alpha\opentelemetry-api-logs-1.19.0-alpha.jar;C:\Users\mary.nassif\.m2\repository\io\opentelemetry\opentelemetry-sdk-common\1.19.0\opentelemetry-sdk-common-1.19.0.jar;C:\Users\mary.nassif\.m2\repository\io\opentelemetry\opentelemetry-sdk-extension-autoconfigure-spi\1.19.0\opentelemetry-sdk-extension-autoconfigure-spi-1.19.0.jar;C:\Users\mary.nassif\.m2\repository\io\opentelemetry\opentelemetry-sdk-extension-autoconfigure\1.19.0-alpha\opentelemetry-sdk-extension-autoconfigure-1.19.0-alpha.jar;C:\Users\mary.nassif\.m2\repository\io\opentelemetry\opentelemetry-exporter-common\1.19.0\opentelemetry-exporter-common-1.19.0.jar;C:\Users\mary.nassif\.m2\repository\io\opentelemetry\opentelemetry-sdk-trace\1.19.0\opentelemetry-sdk-trace-1.19.0.jar;C:\Users\mary.nassif\.m2\repository\io\opentelemetry\opentelemetry-sdk\1.19.0\opentelemetry-sdk-1.19.0.jar;C:\Users\mary.nassif\.m2\repository\io\opentelemetry\opentelemetry-semconv\1.19.0-alpha\opentelemetry-semconv-1.19.0-alpha.jar;C:\Users\mary.nassif\.m2\repository\io\ous\jtoml\2.0.0\jtoml-2.0.0.jar;C:\Users\mary.nassif\.m2\repository\net\bytebuddy\byte-buddy\1.12.18\byte-buddy-1.12.18.jar;C:\Users\mary.nassif\.m2\repository\org\apache\commons\commons-exec\1.3\commons-exec-1.3.jar;C:\Users\mary.nassif\.m2\repository\org\asynchttpclient\async-http-client\2.12.3\async-http-client-2.12.3.jar;C:\Users\mary.nassif\.m2\repository\org\asynchttpclient\async-http-client-netty-utils\2.12.3\async-http-client-netty-utils-2.12.3.jar;C:\Users\mary.nassif\.m2\repository\io\netty\netty-codec-socks\4.1.60.Final\netty-codec-socks-4.1.60.Final.jar;C:\Users\mary.nassif\.m2\repository\io\netty\netty-handler-proxy\4.1.60.Final\netty-handler-proxy-4.1.60.Final.jar;C:\Users\mary.nassif\.m2\repository\io\netty\netty-transport-native-epoll\4.1.60.Final\netty-transport-native-epoll-4.1.60.Final-linux-x86_64.jar;C:\Users\mary.nassif\.m2\repository\io\netty\netty-transport-native-kqueue\4.1.60.Final\netty-transport-native-kqueue-4.1.60.Final-osx-x86_64.jar;C:\Users\mary.nassif\.m2\repository\org\reactivestreams\reactive-streams\1.0.3\reactive-streams-1.0.3.jar;C:\Users\mary.nassif\.m2\repository\com\typesafe\netty\netty-reactive-streams\2.0.4\netty-reactive-streams-2.0.4.jar;C:\Users\mary.nassif\.m2\repository\org\slf4j\slf4j-api\1.7.30\slf4j-api-1.7.30.jar;C:\Users\mary.nassif\.m2\repository\com\sun\activation\jakarta.activation\1.2.2\jakarta.activation-1.2.2.jar;C:\Users\mary.nassif\.m2\repository\org\seleniumhq\selenium\selenium-manager\4.7.2\selenium-manager-4.7.2.jar;C:\Users\mary.nassif\.m2\repository\org\seleniumhq\selenium\selenium-safari-driver\4.7.2\selenium-safari-driver-4.7.2.jar;C:\Users\mary.nassif\.m2\repository\org\seleniumhq\selenium\selenium-support\4.7.2\selenium-support-4.7.2.jar;C:\Users\mary.nassif\.m2\repository\io\cucumber\cucumber-java\7.10.1\cucumber-java-7.10.1.jar;C:\Users\mary.nassif\.m2\repository\io\cucumber\cucumber-core\7.10.1\cucumber-core-7.10.1.jar;C:\Users\mary.nassif\.m2\repository\io\cucumber\cucumber-gherkin\7.10.1\cucumber-gherkin-7.10.1.jar;C:\Users\mary.nassif\.m2\repository\io\cucumber\cucumber-gherkin-messages\7.10.1\cucumber-gherkin-messages-7.10.1.jar;C:\Users\mary.nassif\.m2\repository\io\cucumber\gherkin\25.0.2\gherkin-25.0.2.jar;C:\Users\mary.nassif\.m2\repository\io\cucumber\messages\19.1.4\messages-19.1.4.jar;C:\Users\mary.nassif\.m2\repository\io\cucumber\tag-expressions\4.1.0\tag-expressions-4.1.0.jar;C:\Users\mary.nassif\.m2\repository\io\cucumber\cucumber-expressions\16.1.1\cucumber-expressions-16.1.1.jar;C:\Users\mary.nassif\.m2\repository\io\cucumber\datatable\7.10.1\datatable-7.10.1.jar;C:\Users\mary.nassif\.m2\repository\io\cucumber\cucumber-plugin\7.10.1\cucumber-plugin-7.10.1.jar;C:\Users\mary.nassif\.m2\repository\io\cucumber\docstring\7.10.1\docstring-7.10.1.jar;C:\Users\mary.nassif\.m2\repository\io\cucumber\html-formatter\20.2.0\html-formatter-20.2.0.jar;C:\Users\mary.nassif\.m2\repository\io\cucumber\ci-environment\9.1.0\ci-environment-9.1.0.jar;C:\Users\mary.nassif\.m2\repository\org\apiguardian\apiguardian-api\1.1.2\apiguardian-api-1.1.2.jar;C:\Users\mary.nassif\.m2\repository\io\cucumber\cucumber-junit\7.10.1\cucumber-junit-7.10.1.jar;C:\Users\mary.nassif\.m2\repository\junit\junit\4.13.2\junit-4.13.2.jar;C:\Users\mary.nassif\.m2\repository\org\hamcrest\hamcrest-core\1.3\hamcrest-core-1.3.jar;"/>
    <property name="java.vm.vendor" value="Oracle Corporation"/>
    <property name="sun.arch.data.model" value="64"/>
    <property name="user.variant" value=""/>
    <property name="java.vendor.url" value="http://java.oracle.com/"/>
    <property name="user.timezone" value="Africa/Cairo"/>
    <property name="java.vm.specification.version" value="1.8"/>
    <property name="os.name" value="Windows 10"/>
    <property name="user.country" value="US"/>
    <property name="sun.java.launcher" value="SUN_STANDARD"/>
    <property name="sun.boot.library.path" value="C:\Program Files\Java\jdk1.8.0_351\jre\bin"/>
    <property name="sun.java.command" value="C:\Users\mary.nassif\AppData\Local\Temp\surefire7501807097755331567\surefirebooter424545188264762894.jar C:\Users\mary.nassif\AppData\Local\Temp\surefire7501807097755331567 2023-01-19T13-45-15_766-jvmRun1 surefire5292333601647879066tmp surefire_03148692520977538200tmp"/>
    <property name="surefire.test.class.path" value="C:\Users\mary.nassif\Downloads\Egy Fwd\CucumberEcommerceApp\target\test-classes;C:\Users\mary.nassif\Downloads\Egy Fwd\CucumberEcommerceApp\target\classes;C:\Users\mary.nassif\.m2\repository\org\seleniumhq\selenium\selenium-java\4.7.2\selenium-java-4.7.2.jar;C:\Users\mary.nassif\.m2\repository\org\seleniumhq\selenium\selenium-api\4.7.2\selenium-api-4.7.2.jar;C:\Users\mary.nassif\.m2\repository\org\seleniumhq\selenium\selenium-chrome-driver\4.7.2\selenium-chrome-driver-4.7.2.jar;C:\Users\mary.nassif\.m2\repository\com\google\auto\service\auto-service-annotations\1.0.1\auto-service-annotations-1.0.1.jar;C:\Users\mary.nassif\.m2\repository\com\google\auto\service\auto-service\1.0.1\auto-service-1.0.1.jar;C:\Users\mary.nassif\.m2\repository\com\google\auto\auto-common\1.2\auto-common-1.2.jar;C:\Users\mary.nassif\.m2\repository\com\google\guava\guava\31.1-jre\guava-31.1-jre.jar;C:\Users\mary.nassif\.m2\repository\com\google\guava\failureaccess\1.0.1\failureaccess-1.0.1.jar;C:\Users\mary.nassif\.m2\repository\com\google\guava\listenablefuture\9999.0-empty-to-avoid-conflict-with-guava\listenablefuture-9999.0-empty-to-avoid-conflict-with-guava.jar;C:\Users\mary.nassif\.m2\repository\com\google\code\findbugs\jsr305\3.0.2\jsr305-3.0.2.jar;C:\Users\mary.nassif\.m2\repository\org\checkerframework\checker-qual\3.12.0\checker-qual-3.12.0.jar;C:\Users\mary.nassif\.m2\repository\com\google\errorprone\error_prone_annotations\2.11.0\error_prone_annotations-2.11.0.jar;C:\Users\mary.nassif\.m2\repository\com\google\j2objc\j2objc-annotations\1.3\j2objc-annotations-1.3.jar;C:\Users\mary.nassif\.m2\repository\org\seleniumhq\selenium\selenium-chromium-driver\4.7.2\selenium-chromium-driver-4.7.2.jar;C:\Users\mary.nassif\.m2\repository\org\seleniumhq\selenium\selenium-json\4.7.2\selenium-json-4.7.2.jar;C:\Users\mary.nassif\.m2\repository\org\seleniumhq\selenium\selenium-devtools-v106\4.7.2\selenium-devtools-v106-4.7.2.jar;C:\Users\mary.nassif\.m2\repository\org\seleniumhq\selenium\selenium-devtools-v107\4.7.2\selenium-devtools-v107-4.7.2.jar;C:\Users\mary.nassif\.m2\repository\org\seleniumhq\selenium\selenium-devtools-v108\4.7.2\selenium-devtools-v108-4.7.2.jar;C:\Users\mary.nassif\.m2\repository\org\seleniumhq\selenium\selenium-devtools-v85\4.7.2\selenium-devtools-v85-4.7.2.jar;C:\Users\mary.nassif\.m2\repository\org\seleniumhq\selenium\selenium-edge-driver\4.7.2\selenium-edge-driver-4.7.2.jar;C:\Users\mary.nassif\.m2\repository\org\seleniumhq\selenium\selenium-firefox-driver\4.7.2\selenium-firefox-driver-4.7.2.jar;C:\Users\mary.nassif\.m2\repository\org\seleniumhq\selenium\selenium-http\4.7.2\selenium-http-4.7.2.jar;C:\Users\mary.nassif\.m2\repository\dev\failsafe\failsafe\3.3.0\failsafe-3.3.0.jar;C:\Users\mary.nassif\.m2\repository\org\seleniumhq\selenium\selenium-ie-driver\4.7.2\selenium-ie-driver-4.7.2.jar;C:\Users\mary.nassif\.m2\repository\org\seleniumhq\selenium\selenium-remote-driver\4.7.2\selenium-remote-driver-4.7.2.jar;C:\Users\mary.nassif\.m2\repository\com\beust\jcommander\1.82\jcommander-1.82.jar;C:\Users\mary.nassif\.m2\repository\io\netty\netty-buffer\4.1.84.Final\netty-buffer-4.1.84.Final.jar;C:\Users\mary.nassif\.m2\repository\io\netty\netty-codec-http\4.1.84.Final\netty-codec-http-4.1.84.Final.jar;C:\Users\mary.nassif\.m2\repository\io\netty\netty-codec\4.1.84.Final\netty-codec-4.1.84.Final.jar;C:\Users\mary.nassif\.m2\repository\io\netty\netty-handler\4.1.84.Final\netty-handler-4.1.84.Final.jar;C:\Users\mary.nassif\.m2\repository\io\netty\netty-common\4.1.84.Final\netty-common-4.1.84.Final.jar;C:\Users\mary.nassif\.m2\repository\io\netty\netty-transport-classes-epoll\4.1.84.Final\netty-transport-classes-epoll-4.1.84.Final.jar;C:\Users\mary.nassif\.m2\repository\io\netty\netty-transport-classes-kqueue\4.1.84.Final\netty-transport-classes-kqueue-4.1.84.Final.jar;C:\Users\mary.nassif\.m2\repository\io\netty\netty-transport-native-epoll\4.1.84.Final\netty-transport-native-epoll-4.1.84.Final.jar;C:\Users\mary.nassif\.m2\repository\io\netty\netty-transport-native-kqueue\4.1.84.Final\netty-transport-native-kqueue-4.1.84.Final.jar;C:\Users\mary.nassif\.m2\repository\io\netty\netty-transport-native-unix-common\4.1.84.Final\netty-transport-native-unix-common-4.1.84.Final.jar;C:\Users\mary.nassif\.m2\repository\io\netty\netty-transport\4.1.84.Final\netty-transport-4.1.84.Final.jar;C:\Users\mary.nassif\.m2\repository\io\netty\netty-resolver\4.1.84.Final\netty-resolver-4.1.84.Final.jar;C:\Users\mary.nassif\.m2\repository\io\opentelemetry\opentelemetry-api\1.19.0\opentelemetry-api-1.19.0.jar;C:\Users\mary.nassif\.m2\repository\io\opentelemetry\opentelemetry-context\1.19.0\opentelemetry-context-1.19.0.jar;C:\Users\mary.nassif\.m2\repository\io\opentelemetry\opentelemetry-exporter-logging\1.19.0\opentelemetry-exporter-logging-1.19.0.jar;C:\Users\mary.nassif\.m2\repository\io\opentelemetry\opentelemetry-sdk-metrics\1.19.0\opentelemetry-sdk-metrics-1.19.0.jar;C:\Users\mary.nassif\.m2\repository\io\opentelemetry\opentelemetry-sdk-logs\1.19.0-alpha\opentelemetry-sdk-logs-1.19.0-alpha.jar;C:\Users\mary.nassif\.m2\repository\io\opentelemetry\opentelemetry-api-logs\1.19.0-alpha\opentelemetry-api-logs-1.19.0-alpha.jar;C:\Users\mary.nassif\.m2\repository\io\opentelemetry\opentelemetry-sdk-common\1.19.0\opentelemetry-sdk-common-1.19.0.jar;C:\Users\mary.nassif\.m2\repository\io\opentelemetry\opentelemetry-sdk-extension-autoconfigure-spi\1.19.0\opentelemetry-sdk-extension-autoconfigure-spi-1.19.0.jar;C:\Users\mary.nassif\.m2\repository\io\opentelemetry\opentelemetry-sdk-extension-autoconfigure\1.19.0-alpha\opentelemetry-sdk-extension-autoconfigure-1.19.0-alpha.jar;C:\Users\mary.nassif\.m2\repository\io\opentelemetry\opentelemetry-exporter-common\1.19.0\opentelemetry-exporter-common-1.19.0.jar;C:\Users\mary.nassif\.m2\repository\io\opentelemetry\opentelemetry-sdk-trace\1.19.0\opentelemetry-sdk-trace-1.19.0.jar;C:\Users\mary.nassif\.m2\repository\io\opentelemetry\opentelemetry-sdk\1.19.0\opentelemetry-sdk-1.19.0.jar;C:\Users\mary.nassif\.m2\repository\io\opentelemetry\opentelemetry-semconv\1.19.0-alpha\opentelemetry-semconv-1.19.0-alpha.jar;C:\Users\mary.nassif\.m2\repository\io\ous\jtoml\2.0.0\jtoml-2.0.0.jar;C:\Users\mary.nassif\.m2\repository\net\bytebuddy\byte-buddy\1.12.18\byte-buddy-1.12.18.jar;C:\Users\mary.nassif\.m2\repository\org\apache\commons\commons-exec\1.3\commons-exec-1.3.jar;C:\Users\mary.nassif\.m2\repository\org\asynchttpclient\async-http-client\2.12.3\async-http-client-2.12.3.jar;C:\Users\mary.nassif\.m2\repository\org\asynchttpclient\async-http-client-netty-utils\2.12.3\async-http-client-netty-utils-2.12.3.jar;C:\Users\mary.nassif\.m2\repository\io\netty\netty-codec-socks\4.1.60.Final\netty-codec-socks-4.1.60.Final.jar;C:\Users\mary.nassif\.m2\repository\io\netty\netty-handler-proxy\4.1.60.Final\netty-handler-proxy-4.1.60.Final.jar;C:\Users\mary.nassif\.m2\repository\io\netty\netty-transport-native-epoll\4.1.60.Final\netty-transport-native-epoll-4.1.60.Final-linux-x86_64.jar;C:\Users\mary.nassif\.m2\repository\io\netty\netty-transport-native-kqueue\4.1.60.Final\netty-transport-native-kqueue-4.1.60.Final-osx-x86_64.jar;C:\Users\mary.nassif\.m2\repository\org\reactivestreams\reactive-streams\1.0.3\reactive-streams-1.0.3.jar;C:\Users\mary.nassif\.m2\repository\com\typesafe\netty\netty-reactive-streams\2.0.4\netty-reactive-streams-2.0.4.jar;C:\Users\mary.nassif\.m2\repository\org\slf4j\slf4j-api\1.7.30\slf4j-api-1.7.30.jar;C:\Users\mary.nassif\.m2\repository\com\sun\activation\jakarta.activation\1.2.2\jakarta.activation-1.2.2.jar;C:\Users\mary.nassif\.m2\repository\org\seleniumhq\selenium\selenium-manager\4.7.2\selenium-manager-4.7.2.jar;C:\Users\mary.nassif\.m2\repository\org\seleniumhq\selenium\selenium-safari-driver\4.7.2\selenium-safari-driver-4.7.2.jar;C:\Users\mary.nassif\.m2\repository\org\seleniumhq\selenium\selenium-support\4.7.2\selenium-support-4.7.2.jar;C:\Users\mary.nassif\.m2\repository\io\cucumber\cucumber-java\7.10.1\cucumber-java-7.10.1.jar;C:\Users\mary.nassif\.m2\repository\io\cucumber\cucumber-core\7.10.1\cucumber-core-7.10.1.jar;C:\Users\mary.nassif\.m2\repository\io\cucumber\cucumber-gherkin\7.10.1\cucumber-gherkin-7.10.1.jar;C:\Users\mary.nassif\.m2\repository\io\cucumber\cucumber-gherkin-messages\7.10.1\cucumber-gherkin-messages-7.10.1.jar;C:\Users\mary.nassif\.m2\repository\io\cucumber\gherkin\25.0.2\gherkin-25.0.2.jar;C:\Users\mary.nassif\.m2\repository\io\cucumber\messages\19.1.4\messages-19.1.4.jar;C:\Users\mary.nassif\.m2\repository\io\cucumber\tag-expressions\4.1.0\tag-expressions-4.1.0.jar;C:\Users\mary.nassif\.m2\repository\io\cucumber\cucumber-expressions\16.1.1\cucumber-expressions-16.1.1.jar;C:\Users\mary.nassif\.m2\repository\io\cucumber\datatable\7.10.1\datatable-7.10.1.jar;C:\Users\mary.nassif\.m2\repository\io\cucumber\cucumber-plugin\7.10.1\cucumber-plugin-7.10.1.jar;C:\Users\mary.nassif\.m2\repository\io\cucumber\docstring\7.10.1\docstring-7.10.1.jar;C:\Users\mary.nassif\.m2\repository\io\cucumber\html-formatter\20.2.0\html-formatter-20.2.0.jar;C:\Users\mary.nassif\.m2\repository\io\cucumber\ci-environment\9.1.0\ci-environment-9.1.0.jar;C:\Users\mary.nassif\.m2\repository\org\apiguardian\apiguardian-api\1.1.2\apiguardian-api-1.1.2.jar;C:\Users\mary.nassif\.m2\repository\io\cucumber\cucumber-junit\7.10.1\cucumber-junit-7.10.1.jar;C:\Users\mary.nassif\.m2\repository\junit\junit\4.13.2\junit-4.13.2.jar;C:\Users\mary.nassif\.m2\repository\org\hamcrest\hamcrest-core\1.3\hamcrest-core-1.3.jar;"/>
    <property name="sun.cpu.endian" value="little"/>
    <property name="user.home" value="C:\Users\mary.nassif"/>
    <property name="user.language" value="en"/>
    <property name="java.specification.vendor" value="Oracle Corporation"/>
    <property name="java.home" value="C:\Program Files\Java\jdk1.8.0_351\jre"/>
    <property name="basedir" value="C:\Users\mary.nassif\Downloads\Egy Fwd\CucumberEcommerceApp"/>
    <property name="file.separator" value="\"/>
    <property name="line.separator" value="&#10;"/>
    <property name="java.vm.specification.vendor" value="Oracle Corporation"/>
    <property name="java.specification.name" value="Java Platform API Specification"/>
    <property name="java.awt.graphicsenv" value="sun.awt.Win32GraphicsEnvironment"/>
    <property name="surefire.real.class.path" value="C:\Users\mary.nassif\AppData\Local\Temp\surefire7501807097755331567\surefirebooter424545188264762894.jar"/>
    <property name="sun.boot.class.path" value="C:\Program Files\Java\jdk1.8.0_351\jre\lib\resources.jar;C:\Program Files\Java\jdk1.8.0_351\jre\lib\rt.jar;C:\Program Files\Java\jdk1.8.0_351\jre\lib\jsse.jar;C:\Program Files\Java\jdk1.8.0_351\jre\lib\jce.jar;C:\Program Files\Java\jdk1.8.0_351\jre\lib\charsets.jar;C:\Program Files\Java\jdk1.8.0_351\jre\lib\jfr.jar;C:\Program Files\Java\jdk1.8.0_351\jre\classes"/>
    <property name="user.script" value=""/>
    <property name="sun.management.compiler" value="HotSpot 64-Bit Tiered Compilers"/>
    <property name="java.runtime.version" value="1.8.0_351-b10"/>
    <property name="user.name" value="Mary.Nassif"/>
    <property name="path.separator" value=";"/>
    <property name="os.version" value="10.0"/>
    <property name="java.endorsed.dirs" value="C:\Program Files\Java\jdk1.8.0_351\jre\lib\endorsed"/>
    <property name="java.runtime.name" value="Java(TM) SE Runtime Environment"/>
    <property name="file.encoding" value="Cp1252"/>
    <property name="java.vm.name" value="Java HotSpot(TM) 64-Bit Server VM"/>
    <property name="localRepository" value="C:\Users\mary.nassif\.m2\repository"/>
    <property name="java.vendor.url.bug" value="http://bugreport.sun.com/bugreport/"/>
    <property name="java.io.tmpdir" value="C:\Users\MARY~1.NAS\AppData\Local\Temp\"/>
    <property name="idea.version" value="2022.3"/>
    <property name="java.version" value="1.8.0_351"/>
    <property name="user.dir" value="C:\Users\mary.nassif\Downloads\Egy Fwd\CucumberEcommerceApp"/>
    <property name="os.arch" value="amd64"/>
    <property name="java.vm.specification.name" value="Java Virtual Machine Specification"/>
    <property name="java.awt.printerjob" value="sun.awt.windows.WPrinterJob"/>
    <property name="sun.os.patch.level" value=""/>
    <property name="java.library.path" value="C:\Program Files\Java\jdk1.8.0_351\jre\bin;C:\WINDOWS\Sun\Java\bin;C:\WINDOWS\system32;C:\WINDOWS;C:\Program Files\Common Files\Oracle\Java\javapath;C:\Program Files (x86)\Common Files\Oracle\Java\javapath;C:\WINDOWS\system32;C:\WINDOWS;C:\WINDOWS\System32\Wbem;C:\WINDOWS\System32\WindowsPowerShell\v1.0\;C:\WINDOWS\System32\OpenSSH\;C:\Program Files\dotnet\;C:\Program Files\Microsoft SQL Server\130\Tools\Binn\;C:\Program Files\Microsoft SQL Server\110\Tools\Binn\;C:\Program Files\Microsoft SQL Server\Client SDK\ODBC\130\Tools\Binn\;C:\Program Files (x86)\Microsoft SQL Server\140\Tools\Binn\;C:\Program Files\Microsoft SQL Server\140\Tools\Binn\;C:\Program Files\Microsoft SQL Server\140\DTS\Binn\;C:\Program Files (x86)\Microsoft SQL Server\Client SDK\ODBC\130\Tools\Binn\;C:\Program Files (x86)\Microsoft SQL Server\140\DTS\Binn\;C:\Program Files (x86)\Microsoft SQL Server\140\Tools\Binn\ManagementStudio\;C:\Program Files\Microsoft SQL Server\150\Tools\Binn\;C:\Program Files\Microsoft SQL Server\Client SDK\ODBC\170\Tools\Binn\;C:\Program Files\PuTTY\;C:\Program Files\Git\cmd;C:\Program Files\Java\jdk1.8.0_351\bin;C:\Program Files\JetBrains\IntelliJ IDEA Community Edition 2022.3\plugins\maven\lib\maven3\bin;C:\Users\mary.nassif\AppData\Local\Microsoft\WindowsApps;C:\Users\mary.nassif\.dotnet\tools;."/>
    <property name="java.vm.info" value="mixed mode"/>
    <property name="java.vendor" value="Oracle Corporation"/>
    <property name="java.vm.version" value="25.351-b10"/>
    <property name="java.specification.maintenance.version" value="4"/>
    <property name="java.ext.dirs" value="C:\Program Files\Java\jdk1.8.0_351\jre\lib\ext;C:\WINDOWS\Sun\Java\lib\ext"/>
    <property name="sun.io.unicode.encoding" value="UnicodeLittle"/>
    <property name="java.class.version" value="52.0"/>
  </properties>
  <testcase name="user adds item to wishlist" classname="user should be able to add item to wishlist #1" time="0.223">
    <error message="The step &apos;user logged in to home page to add to wishlist&apos; and 3 other step(s) are undefined.&#10;You can implement these steps using the snippet(s) below:&#10;&#10;@Given(&quot;user logged in to home page to add to wishlist&quot;)&#10;public void user_logged_in_to_home_page_to_add_to_wishlist() {&#10;    // Write code here that turns the phrase above into concrete actions&#10;    throw new io.cucumber.java.PendingException();&#10;}&#10;@When(&quot;user adds an item to the wishlist&quot;)&#10;public void user_adds_an_item_to_the_wishlist() {&#10;    // Write code here that turns the phrase above into concrete actions&#10;    throw new io.cucumber.java.PendingException();&#10;}&#10;@Then(&quot;item should be added to the wishlist&quot;)&#10;public void item_should_be_added_to_the_wishlist() {&#10;    // Write code here that turns the phrase above into concrete actions&#10;    throw new io.cucumber.java.PendingException();&#10;}&#10;@Then(&quot;End wishlist&quot;)&#10;public void end_wishlist() {&#10;    // Write code here that turns the phrase above into concrete actions&#10;    throw new io.cucumber.java.PendingException();&#10;}&#10;" type="io.cucumber.junit.UndefinedStepException"><![CDATA[io.cucumber.junit.UndefinedStepException: 
The step 'user logged in to home page to add to wishlist' and 3 other step(s) are undefined.
You can implement these steps using the snippet(s) below:

@Given("user logged in to home page to add to wishlist")
public void user_logged_in_to_home_page_to_add_to_wishlist() {
    // Write code here that turns the phrase above into concrete actions
    throw new io.cucumber.java.PendingException();
}
@When("user adds an item to the wishlist")
public void user_adds_an_item_to_the_wishlist() {
    // Write code here that turns the phrase above into concrete actions
    throw new io.cucumber.java.PendingException();
}
@Then("item should be added to the wishlist")
public void item_should_be_added_to_the_wishlist() {
    // Write code here that turns the phrase above into concrete actions
    throw new io.cucumber.java.PendingException();
}
@Then("End wishlist")
public void end_wishlist() {
    // Write code here that turns the phrase above into concrete actions
    throw new io.cucumber.java.PendingException();
}

]]></error>
    <system-out><![CDATA[
@App
Scenario: user adds item to wishlist                   &amp#27;[90m# src/main/resources/features/SC10_Wishlist.feature:4&amp#27;[0m
  &amp#27;[33mGiven &amp#27;[0m&amp#27;[33muser logged in to home page to add to wishlist&amp#27;[0m
  &amp#27;[36mWhen &amp#27;[0m&amp#27;[36muser adds an item to the wishlist&amp#27;[0m
  &amp#27;[36mThen &amp#27;[0m&amp#27;[36mitem should be added to the wishlist&amp#27;[0m
  &amp#27;[36mAnd &amp#27;[0m&amp#27;[36mEnd wishlist&amp#27;[0m
]]></system-out>
  </testcase>
  <testcase name="user compares between items" classname="user should be able to add item to wishlist #2" time="0.025">
    <error message="The step &apos;user logged in to home page to compare between items&apos; and 3 other step(s) are undefined.&#10;You can implement these steps using the snippet(s) below:&#10;&#10;@Given(&quot;user logged in to home page to compare between items&quot;)&#10;public void user_logged_in_to_home_page_to_compare_between_items() {&#10;    // Write code here that turns the phrase above into concrete actions&#10;    throw new io.cucumber.java.PendingException();&#10;}&#10;@When(&quot;user adds items to compare&quot;)&#10;public void user_adds_items_to_compare() {&#10;    // Write code here that turns the phrase above into concrete actions&#10;    throw new io.cucumber.java.PendingException();&#10;}&#10;@Then(&quot;item should be added to the compare&quot;)&#10;public void item_should_be_added_to_the_compare() {&#10;    // Write code here that turns the phrase above into concrete actions&#10;    throw new io.cucumber.java.PendingException();&#10;}&#10;@Then(&quot;End compare&quot;)&#10;public void end_compare() {&#10;    // Write code here that turns the phrase above into concrete actions&#10;    throw new io.cucumber.java.PendingException();&#10;}&#10;" type="io.cucumber.junit.UndefinedStepException"><![CDATA[io.cucumber.junit.UndefinedStepException: 
The step 'user logged in to home page to compare between items' and 3 other step(s) are undefined.
You can implement these steps using the snippet(s) below:

@Given("user logged in to home page to compare between items")
public void user_logged_in_to_home_page_to_compare_between_items() {
    // Write code here that turns the phrase above into concrete actions
    throw new io.cucumber.java.PendingException();
}
@When("user adds items to compare")
public void user_adds_items_to_compare() {
    // Write code here that turns the phrase above into concrete actions
    throw new io.cucumber.java.PendingException();
}
@Then("item should be added to the compare")
public void item_should_be_added_to_the_compare() {
    // Write code here that turns the phrase above into concrete actions
    throw new io.cucumber.java.PendingException();
}
@Then("End compare")
public void end_compare() {
    // Write code here that turns the phrase above into concrete actions
    throw new io.cucumber.java.PendingException();
}

]]></error>
    <system-out><![CDATA[
@App
Scenario: user compares between items                        &amp#27;[90m# src/main/resources/features/SC11_Compare.feature:4&amp#27;[0m
  &amp#27;[33mGiven &amp#27;[0m&amp#27;[33muser logged in to home page to compare between items&amp#27;[0m
  &amp#27;[36mWhen &amp#27;[0m&amp#27;[36muser adds items to compare&amp#27;[0m
  &amp#27;[36mThen &amp#27;[0m&amp#27;[36mitem should be added to the compare&amp#27;[0m
  &amp#27;[36mAnd &amp#27;[0m&amp#27;[36mEnd compare&amp#27;[0m
]]></system-out>
  </testcase>
  <testcase name="user place an order successfully" classname="user submits an order" time="0.019">
    <error message="The step &apos;user logged in to home page to place an order&apos; and 3 other step(s) are undefined.&#10;You can implement these steps using the snippet(s) below:&#10;&#10;@Given(&quot;user logged in to home page to place an order&quot;)&#10;public void user_logged_in_to_home_page_to_place_an_order() {&#10;    // Write code here that turns the phrase above into concrete actions&#10;    throw new io.cucumber.java.PendingException();&#10;}&#10;@When(&quot;user adds items to cart and place order&quot;)&#10;public void user_adds_items_to_cart_and_place_order() {&#10;    // Write code here that turns the phrase above into concrete actions&#10;    throw new io.cucumber.java.PendingException();&#10;}&#10;@Then(&quot;order should be created successfully&quot;)&#10;public void order_should_be_created_successfully() {&#10;    // Write code here that turns the phrase above into concrete actions&#10;    throw new io.cucumber.java.PendingException();&#10;}&#10;@Then(&quot;End Order&quot;)&#10;public void end_order() {&#10;    // Write code here that turns the phrase above into concrete actions&#10;    throw new io.cucumber.java.PendingException();&#10;}&#10;" type="io.cucumber.junit.UndefinedStepException"><![CDATA[io.cucumber.junit.UndefinedStepException: 
The step 'user logged in to home page to place an order' and 3 other step(s) are undefined.
You can implement these steps using the snippet(s) below:

@Given("user logged in to home page to place an order")
public void user_logged_in_to_home_page_to_place_an_order() {
    // Write code here that turns the phrase above into concrete actions
    throw new io.cucumber.java.PendingException();
}
@When("user adds items to cart and place order")
public void user_adds_items_to_cart_and_place_order() {
    // Write code here that turns the phrase above into concrete actions
    throw new io.cucumber.java.PendingException();
}
@Then("order should be created successfully")
public void order_should_be_created_successfully() {
    // Write code here that turns the phrase above into concrete actions
    throw new io.cucumber.java.PendingException();
}
@Then("End Order")
public void end_order() {
    // Write code here that turns the phrase above into concrete actions
    throw new io.cucumber.java.PendingException();
}

]]></error>
    <system-out><![CDATA[
@App
Scenario: user place an order successfully            &amp#27;[90m# src/main/resources/features/SC12_Order.feature:4&amp#27;[0m
  &amp#27;[33mGiven &amp#27;[0m&amp#27;[33muser logged in to home page to place an order&amp#27;[0m
  &amp#27;[36mWhen &amp#27;[0m&amp#27;[36muser adds items to cart and place order&amp#27;[0m
  &amp#27;[36mThen &amp#27;[0m&amp#27;[36morder should be created successfully&amp#27;[0m
  &amp#27;[36mAnd &amp#27;[0m&amp#27;[36mEnd Order&amp#27;[0m
]]></system-out>
  </testcase>
  <testcase name="user register with valid info" classname="user should be able to register to the system" time="0.02">
    <error message="The step &apos;user navigates to registration  page&apos; and 3 other step(s) are undefined.&#10;You can implement these steps using the snippet(s) below:&#10;&#10;@Given(&quot;user navigates to registration  page&quot;)&#10;public void user_navigates_to_registration_page() {&#10;    // Write code here that turns the phrase above into concrete actions&#10;    throw new io.cucumber.java.PendingException();&#10;}&#10;@When(&quot;user enters all data successfully and submits&quot;)&#10;public void user_enters_all_data_successfully_and_submits() {&#10;    // Write code here that turns the phrase above into concrete actions&#10;    throw new io.cucumber.java.PendingException();&#10;}&#10;@Then(&quot;success registration message should be displayed to the user&quot;)&#10;public void success_registration_message_should_be_displayed_to_the_user() {&#10;    // Write code here that turns the phrase above into concrete actions&#10;    throw new io.cucumber.java.PendingException();&#10;}&#10;@Then(&quot;Close browser&quot;)&#10;public void close_browser() {&#10;    // Write code here that turns the phrase above into concrete actions&#10;    throw new io.cucumber.java.PendingException();&#10;}&#10;" type="io.cucumber.junit.UndefinedStepException"><![CDATA[io.cucumber.junit.UndefinedStepException: 
The step 'user navigates to registration  page' and 3 other step(s) are undefined.
You can implement these steps using the snippet(s) below:

@Given("user navigates to registration  page")
public void user_navigates_to_registration_page() {
    // Write code here that turns the phrase above into concrete actions
    throw new io.cucumber.java.PendingException();
}
@When("user enters all data successfully and submits")
public void user_enters_all_data_successfully_and_submits() {
    // Write code here that turns the phrase above into concrete actions
    throw new io.cucumber.java.PendingException();
}
@Then("success registration message should be displayed to the user")
public void success_registration_message_should_be_displayed_to_the_user() {
    // Write code here that turns the phrase above into concrete actions
    throw new io.cucumber.java.PendingException();
}
@Then("Close browser")
public void close_browser() {
    // Write code here that turns the phrase above into concrete actions
    throw new io.cucumber.java.PendingException();
}

]]></error>
    <system-out><![CDATA[
@App
Scenario: user register with valid info                             &amp#27;[90m# src/main/resources/features/SC1_Registration.feature:4&amp#27;[0m
  &amp#27;[33mGiven &amp#27;[0m&amp#27;[33muser navigates to registration  page&amp#27;[0m
  &amp#27;[36mWhen &amp#27;[0m&amp#27;[36muser enters all data successfully and submits&amp#27;[0m
  &amp#27;[36mThen &amp#27;[0m&amp#27;[36msuccess registration message should be displayed to the user&amp#27;[0m
  &amp#27;[36mAnd &amp#27;[0m&amp#27;[36mClose browser&amp#27;[0m
]]></system-out>
  </testcase>
  <testcase name="user login with valid username and password" classname="user should be able to login to the system" time="0.017">
    <error message="The step &apos;user navigates to login page&apos; and 3 other step(s) are undefined.&#10;You can implement these steps using the snippet(s) below:&#10;&#10;@Given(&quot;user navigates to login page&quot;)&#10;public void user_navigates_to_login_page() {&#10;    // Write code here that turns the phrase above into concrete actions&#10;    throw new io.cucumber.java.PendingException();&#10;}&#10;@When(&quot;user enter valid username and password And user click on login button&quot;)&#10;public void user_enter_valid_username_and_password_and_user_click_on_login_button() {&#10;    // Write code here that turns the phrase above into concrete actions&#10;    throw new io.cucumber.java.PendingException();&#10;}&#10;@Then(&quot;user could login successfully and go to homepage&quot;)&#10;public void user_could_login_successfully_and_go_to_homepage() {&#10;    // Write code here that turns the phrase above into concrete actions&#10;    throw new io.cucumber.java.PendingException();&#10;}&#10;@Then(&quot;End browser&quot;)&#10;public void end_browser() {&#10;    // Write code here that turns the phrase above into concrete actions&#10;    throw new io.cucumber.java.PendingException();&#10;}&#10;" type="io.cucumber.junit.UndefinedStepException"><![CDATA[io.cucumber.junit.UndefinedStepException: 
The step 'user navigates to login page' and 3 other step(s) are undefined.
You can implement these steps using the snippet(s) below:

@Given("user navigates to login page")
public void user_navigates_to_login_page() {
    // Write code here that turns the phrase above into concrete actions
    throw new io.cucumber.java.PendingException();
}
@When("user enter valid username and password And user click on login button")
public void user_enter_valid_username_and_password_and_user_click_on_login_button() {
    // Write code here that turns the phrase above into concrete actions
    throw new io.cucumber.java.PendingException();
}
@Then("user could login successfully and go to homepage")
public void user_could_login_successfully_and_go_to_homepage() {
    // Write code here that turns the phrase above into concrete actions
    throw new io.cucumber.java.PendingException();
}
@Then("End browser")
public void end_browser() {
    // Write code here that turns the phrase above into concrete actions
    throw new io.cucumber.java.PendingException();
}

]]></error>
    <system-out><![CDATA[
@App
Scenario: user login with valid username and password                        &amp#27;[90m# src/main/resources/features/SC2_Login.feature:7&amp#27;[0m
  &amp#27;[33mGiven &amp#27;[0m&amp#27;[33muser navigates to login page&amp#27;[0m
  &amp#27;[36mWhen &amp#27;[0m&amp#27;[36muser enter valid username and password And user click on login button&amp#27;[0m
  &amp#27;[36mThen &amp#27;[0m&amp#27;[36muser could login successfully and go to homepage&amp#27;[0m
  &amp#27;[36mAnd &amp#27;[0m&amp#27;[36mEnd browser&amp#27;[0m
]]></system-out>
  </testcase>
  <testcase name="user reset password successfully" classname="user forgot password" time="0.015">
    <error message="The step &apos;user navigates to home page&apos; and 3 other step(s) are undefined.&#10;You can implement these steps using the snippet(s) below:&#10;&#10;@Given(&quot;user navigates to home page&quot;)&#10;public void user_navigates_to_home_page() {&#10;    // Write code here that turns the phrase above into concrete actions&#10;    throw new io.cucumber.java.PendingException();&#10;}&#10;@When(&quot;user click on forgot link and enters correct email&quot;)&#10;public void user_click_on_forgot_link_and_enters_correct_email() {&#10;    // Write code here that turns the phrase above into concrete actions&#10;    throw new io.cucumber.java.PendingException();&#10;}&#10;@Then(&quot;user should receive email with instructions&quot;)&#10;public void user_should_receive_email_with_instructions() {&#10;    // Write code here that turns the phrase above into concrete actions&#10;    throw new io.cucumber.java.PendingException();&#10;}&#10;@Then(&quot;Close&quot;)&#10;public void close() {&#10;    // Write code here that turns the phrase above into concrete actions&#10;    throw new io.cucumber.java.PendingException();&#10;}&#10;" type="io.cucumber.junit.UndefinedStepException"><![CDATA[io.cucumber.junit.UndefinedStepException: 
The step 'user navigates to home page' and 3 other step(s) are undefined.
You can implement these steps using the snippet(s) below:

@Given("user navigates to home page")
public void user_navigates_to_home_page() {
    // Write code here that turns the phrase above into concrete actions
    throw new io.cucumber.java.PendingException();
}
@When("user click on forgot link and enters correct email")
public void user_click_on_forgot_link_and_enters_correct_email() {
    // Write code here that turns the phrase above into concrete actions
    throw new io.cucumber.java.PendingException();
}
@Then("user should receive email with instructions")
public void user_should_receive_email_with_instructions() {
    // Write code here that turns the phrase above into concrete actions
    throw new io.cucumber.java.PendingException();
}
@Then("Close")
public void close() {
    // Write code here that turns the phrase above into concrete actions
    throw new io.cucumber.java.PendingException();
}

]]></error>
    <system-out><![CDATA[
@App
Scenario: user reset password successfully                &amp#27;[90m# src/main/resources/features/SC3_ForgotPassword.feature:4&amp#27;[0m
  &amp#27;[33mGiven &amp#27;[0m&amp#27;[33muser navigates to home page&amp#27;[0m
  &amp#27;[36mWhen &amp#27;[0m&amp#27;[36muser click on forgot link and enters correct email&amp#27;[0m
  &amp#27;[36mThen &amp#27;[0m&amp#27;[36muser should receive email with instructions&amp#27;[0m
  &amp#27;[36mAnd &amp#27;[0m&amp#27;[36mClose&amp#27;[0m
]]></system-out>
  </testcase>
  <testcase name="user search" classname="user should be able to search" time="0.012">
    <error message="The step &apos;user logged in to home page&apos; and 3 other step(s) are undefined.&#10;You can implement these steps using the snippet(s) below:&#10;&#10;@Given(&quot;user logged in to home page&quot;)&#10;public void user_logged_in_to_home_page() {&#10;    // Write code here that turns the phrase above into concrete actions&#10;    throw new io.cucumber.java.PendingException();&#10;}&#10;@When(&quot;user type in the search field&quot;)&#10;public void user_type_in_the_search_field() {&#10;    // Write code here that turns the phrase above into concrete actions&#10;    throw new io.cucumber.java.PendingException();&#10;}&#10;@Then(&quot;results should be displayed based on the search criteria&quot;)&#10;public void results_should_be_displayed_based_on_the_search_criteria() {&#10;    // Write code here that turns the phrase above into concrete actions&#10;    throw new io.cucumber.java.PendingException();&#10;}&#10;@Then(&quot;End&quot;)&#10;public void end() {&#10;    // Write code here that turns the phrase above into concrete actions&#10;    throw new io.cucumber.java.PendingException();&#10;}&#10;" type="io.cucumber.junit.UndefinedStepException"><![CDATA[io.cucumber.junit.UndefinedStepException: 
The step 'user logged in to home page' and 3 other step(s) are undefined.
You can implement these steps using the snippet(s) below:

@Given("user logged in to home page")
public void user_logged_in_to_home_page() {
    // Write code here that turns the phrase above into concrete actions
    throw new io.cucumber.java.PendingException();
}
@When("user type in the search field")
public void user_type_in_the_search_field() {
    // Write code here that turns the phrase above into concrete actions
    throw new io.cucumber.java.PendingException();
}
@Then("results should be displayed based on the search criteria")
public void results_should_be_displayed_based_on_the_search_criteria() {
    // Write code here that turns the phrase above into concrete actions
    throw new io.cucumber.java.PendingException();
}
@Then("End")
public void end() {
    // Write code here that turns the phrase above into concrete actions
    throw new io.cucumber.java.PendingException();
}

]]></error>
    <system-out><![CDATA[
@App
Scenario: user search                                           &amp#27;[90m# src/main/resources/features/SC4_Search.feature:4&amp#27;[0m
  &amp#27;[33mGiven &amp#27;[0m&amp#27;[33muser logged in to home page&amp#27;[0m
  &amp#27;[36mWhen &amp#27;[0m&amp#27;[36muser type in the search field&amp#27;[0m
  &amp#27;[36mThen &amp#27;[0m&amp#27;[36mresults should be displayed based on the search criteria&amp#27;[0m
  &amp#27;[36mAnd &amp#27;[0m&amp#27;[36mEnd&amp#27;[0m
]]></system-out>
  </testcase>
  <testcase name="user changes currency" classname="user should be able to change currency" time="0.078">
    <error message="The step &apos;user logged in to home page to change currency&apos; and 3 other step(s) are undefined.&#10;You can implement these steps using the snippet(s) below:&#10;&#10;@Given(&quot;user logged in to home page to change currency&quot;)&#10;public void user_logged_in_to_home_page_to_change_currency() {&#10;    // Write code here that turns the phrase above into concrete actions&#10;    throw new io.cucumber.java.PendingException();&#10;}&#10;@When(&quot;user changes current currency&quot;)&#10;public void user_changes_current_currency() {&#10;    // Write code here that turns the phrase above into concrete actions&#10;    throw new io.cucumber.java.PendingException();&#10;}&#10;@Then(&quot;currency should be changed&quot;)&#10;public void currency_should_be_changed() {&#10;    // Write code here that turns the phrase above into concrete actions&#10;    throw new io.cucumber.java.PendingException();&#10;}&#10;@Then(&quot;End currency&quot;)&#10;public void end_currency() {&#10;    // Write code here that turns the phrase above into concrete actions&#10;    throw new io.cucumber.java.PendingException();&#10;}&#10;" type="io.cucumber.junit.UndefinedStepException"><![CDATA[io.cucumber.junit.UndefinedStepException: 
The step 'user logged in to home page to change currency' and 3 other step(s) are undefined.
You can implement these steps using the snippet(s) below:

@Given("user logged in to home page to change currency")
public void user_logged_in_to_home_page_to_change_currency() {
    // Write code here that turns the phrase above into concrete actions
    throw new io.cucumber.java.PendingException();
}
@When("user changes current currency")
public void user_changes_current_currency() {
    // Write code here that turns the phrase above into concrete actions
    throw new io.cucumber.java.PendingException();
}
@Then("currency should be changed")
public void currency_should_be_changed() {
    // Write code here that turns the phrase above into concrete actions
    throw new io.cucumber.java.PendingException();
}
@Then("End currency")
public void end_currency() {
    // Write code here that turns the phrase above into concrete actions
    throw new io.cucumber.java.PendingException();
}

]]></error>
    <system-out><![CDATA[
@App
Scenario: user changes currency                        &amp#27;[90m# src/main/resources/features/SC5_Currency.feature:4&amp#27;[0m
  &amp#27;[33mGiven &amp#27;[0m&amp#27;[33muser logged in to home page to change currency&amp#27;[0m
  &amp#27;[36mWhen &amp#27;[0m&amp#27;[36muser changes current currency&amp#27;[0m
  &amp#27;[36mThen &amp#27;[0m&amp#27;[36mcurrency should be changed&amp#27;[0m
  &amp#27;[36mAnd &amp#27;[0m&amp#27;[36mEnd currency&amp#27;[0m
]]></system-out>
  </testcase>
  <testcase name="user selects category" classname="user should be able to choose category" time="0.031">
    <error message="The step &apos;user logged in to home page to select category&apos; and 3 other step(s) are undefined.&#10;You can implement these steps using the snippet(s) below:&#10;&#10;@Given(&quot;user logged in to home page to select category&quot;)&#10;public void user_logged_in_to_home_page_to_select_category() {&#10;    // Write code here that turns the phrase above into concrete actions&#10;    throw new io.cucumber.java.PendingException();&#10;}&#10;@When(&quot;user selects category&quot;)&#10;public void user_selects_category() {&#10;    // Write code here that turns the phrase above into concrete actions&#10;    throw new io.cucumber.java.PendingException();&#10;}&#10;@Then(&quot;category should be displayed&quot;)&#10;public void category_should_be_displayed() {&#10;    // Write code here that turns the phrase above into concrete actions&#10;    throw new io.cucumber.java.PendingException();&#10;}&#10;@Then(&quot;End categories&quot;)&#10;public void end_categories() {&#10;    // Write code here that turns the phrase above into concrete actions&#10;    throw new io.cucumber.java.PendingException();&#10;}&#10;" type="io.cucumber.junit.UndefinedStepException"><![CDATA[io.cucumber.junit.UndefinedStepException: 
The step 'user logged in to home page to select category' and 3 other step(s) are undefined.
You can implement these steps using the snippet(s) below:

@Given("user logged in to home page to select category")
public void user_logged_in_to_home_page_to_select_category() {
    // Write code here that turns the phrase above into concrete actions
    throw new io.cucumber.java.PendingException();
}
@When("user selects category")
public void user_selects_category() {
    // Write code here that turns the phrase above into concrete actions
    throw new io.cucumber.java.PendingException();
}
@Then("category should be displayed")
public void category_should_be_displayed() {
    // Write code here that turns the phrase above into concrete actions
    throw new io.cucumber.java.PendingException();
}
@Then("End categories")
public void end_categories() {
    // Write code here that turns the phrase above into concrete actions
    throw new io.cucumber.java.PendingException();
}

]]></error>
    <system-out><![CDATA[
@App
Scenario: user selects category                        &amp#27;[90m# src/main/resources/features/SC6_Categories.feature:4&amp#27;[0m
  &amp#27;[33mGiven &amp#27;[0m&amp#27;[33muser logged in to home page to select category&amp#27;[0m
  &amp#27;[36mWhen &amp#27;[0m&amp#27;[36muser selects category&amp#27;[0m
  &amp#27;[36mThen &amp#27;[0m&amp#27;[36mcategory should be displayed&amp#27;[0m
  &amp#27;[36mAnd &amp#27;[0m&amp#27;[36mEnd categories&amp#27;[0m
]]></system-out>
  </testcase>
  <testcase name="user selects color" classname="user should be able to choose color" time="0.023">
    <error message="The step &apos;user logged in to home page to select color&apos; and 3 other step(s) are undefined.&#10;You can implement these steps using the snippet(s) below:&#10;&#10;@Given(&quot;user logged in to home page to select color&quot;)&#10;public void user_logged_in_to_home_page_to_select_color() {&#10;    // Write code here that turns the phrase above into concrete actions&#10;    throw new io.cucumber.java.PendingException();&#10;}&#10;@When(&quot;user selects color&quot;)&#10;public void user_selects_color() {&#10;    // Write code here that turns the phrase above into concrete actions&#10;    throw new io.cucumber.java.PendingException();&#10;}&#10;@Then(&quot;results should be filtered with the selected color&quot;)&#10;public void results_should_be_filtered_with_the_selected_color() {&#10;    // Write code here that turns the phrase above into concrete actions&#10;    throw new io.cucumber.java.PendingException();&#10;}&#10;@Then(&quot;End colors&quot;)&#10;public void end_colors() {&#10;    // Write code here that turns the phrase above into concrete actions&#10;    throw new io.cucumber.java.PendingException();&#10;}&#10;" type="io.cucumber.junit.UndefinedStepException"><![CDATA[io.cucumber.junit.UndefinedStepException: 
The step 'user logged in to home page to select color' and 3 other step(s) are undefined.
You can implement these steps using the snippet(s) below:

@Given("user logged in to home page to select color")
public void user_logged_in_to_home_page_to_select_color() {
    // Write code here that turns the phrase above into concrete actions
    throw new io.cucumber.java.PendingException();
}
@When("user selects color")
public void user_selects_color() {
    // Write code here that turns the phrase above into concrete actions
    throw new io.cucumber.java.PendingException();
}
@Then("results should be filtered with the selected color")
public void results_should_be_filtered_with_the_selected_color() {
    // Write code here that turns the phrase above into concrete actions
    throw new io.cucumber.java.PendingException();
}
@Then("End colors")
public void end_colors() {
    // Write code here that turns the phrase above into concrete actions
    throw new io.cucumber.java.PendingException();
}

]]></error>
    <system-out><![CDATA[
@App
Scenario: user selects color                              &amp#27;[90m# src/main/resources/features/SC7_Color.feature:4&amp#27;[0m
  &amp#27;[33mGiven &amp#27;[0m&amp#27;[33muser logged in to home page to select color&amp#27;[0m
  &amp#27;[36mWhen &amp#27;[0m&amp#27;[36muser selects color&amp#27;[0m
  &amp#27;[36mThen &amp#27;[0m&amp#27;[36mresults should be filtered with the selected color&amp#27;[0m
  &amp#27;[36mAnd &amp#27;[0m&amp#27;[36mEnd colors&amp#27;[0m
]]></system-out>
  </testcase>
  <testcase name="user selects tags" classname="user should be able to choose tags" time="0.017">
    <error message="The step &apos;user logged in to home page to select tags&apos; and 3 other step(s) are undefined.&#10;You can implement these steps using the snippet(s) below:&#10;&#10;@Given(&quot;user logged in to home page to select tags&quot;)&#10;public void user_logged_in_to_home_page_to_select_tags() {&#10;    // Write code here that turns the phrase above into concrete actions&#10;    throw new io.cucumber.java.PendingException();&#10;}&#10;@When(&quot;user selects tag&quot;)&#10;public void user_selects_tag() {&#10;    // Write code here that turns the phrase above into concrete actions&#10;    throw new io.cucumber.java.PendingException();&#10;}&#10;@Then(&quot;results should be filtered with the selected tag&quot;)&#10;public void results_should_be_filtered_with_the_selected_tag() {&#10;    // Write code here that turns the phrase above into concrete actions&#10;    throw new io.cucumber.java.PendingException();&#10;}&#10;@Then(&quot;End tags&quot;)&#10;public void end_tags() {&#10;    // Write code here that turns the phrase above into concrete actions&#10;    throw new io.cucumber.java.PendingException();&#10;}&#10;" type="io.cucumber.junit.UndefinedStepException"><![CDATA[io.cucumber.junit.UndefinedStepException: 
The step 'user logged in to home page to select tags' and 3 other step(s) are undefined.
You can implement these steps using the snippet(s) below:

@Given("user logged in to home page to select tags")
public void user_logged_in_to_home_page_to_select_tags() {
    // Write code here that turns the phrase above into concrete actions
    throw new io.cucumber.java.PendingException();
}
@When("user selects tag")
public void user_selects_tag() {
    // Write code here that turns the phrase above into concrete actions
    throw new io.cucumber.java.PendingException();
}
@Then("results should be filtered with the selected tag")
public void results_should_be_filtered_with_the_selected_tag() {
    // Write code here that turns the phrase above into concrete actions
    throw new io.cucumber.java.PendingException();
}
@Then("End tags")
public void end_tags() {
    // Write code here that turns the phrase above into concrete actions
    throw new io.cucumber.java.PendingException();
}

]]></error>
    <system-out><![CDATA[
@App
Scenario: user selects tags                             &amp#27;[90m# src/main/resources/features/SC8_Tags.feature:4&amp#27;[0m
  &amp#27;[33mGiven &amp#27;[0m&amp#27;[33muser logged in to home page to select tags&amp#27;[0m
  &amp#27;[36mWhen &amp#27;[0m&amp#27;[36muser selects tag&amp#27;[0m
  &amp#27;[36mThen &amp#27;[0m&amp#27;[36mresults should be filtered with the selected tag&amp#27;[0m
  &amp#27;[36mAnd &amp#27;[0m&amp#27;[36mEnd tags&amp#27;[0m
]]></system-out>
  </testcase>
  <testcase name="user selects an item to be added to the cart" classname="user should be able to add to cart" time="0.017">
    <error message="The step &apos;user logged in to home page to add to cart&apos; and 3 other step(s) are undefined.&#10;You can implement these steps using the snippet(s) below:&#10;&#10;@Given(&quot;user logged in to home page to add to cart&quot;)&#10;public void user_logged_in_to_home_page_to_add_to_cart() {&#10;    // Write code here that turns the phrase above into concrete actions&#10;    throw new io.cucumber.java.PendingException();&#10;}&#10;@When(&quot;user adds an item to the cart&quot;)&#10;public void user_adds_an_item_to_the_cart() {&#10;    // Write code here that turns the phrase above into concrete actions&#10;    throw new io.cucumber.java.PendingException();&#10;}&#10;@Then(&quot;item should be added to the cart&quot;)&#10;public void item_should_be_added_to_the_cart() {&#10;    // Write code here that turns the phrase above into concrete actions&#10;    throw new io.cucumber.java.PendingException();&#10;}&#10;@Then(&quot;End cart&quot;)&#10;public void end_cart() {&#10;    // Write code here that turns the phrase above into concrete actions&#10;    throw new io.cucumber.java.PendingException();&#10;}&#10;" type="io.cucumber.junit.UndefinedStepException"><![CDATA[io.cucumber.junit.UndefinedStepException: 
The step 'user logged in to home page to add to cart' and 3 other step(s) are undefined.
You can implement these steps using the snippet(s) below:

@Given("user logged in to home page to add to cart")
public void user_logged_in_to_home_page_to_add_to_cart() {
    // Write code here that turns the phrase above into concrete actions
    throw new io.cucumber.java.PendingException();
}
@When("user adds an item to the cart")
public void user_adds_an_item_to_the_cart() {
    // Write code here that turns the phrase above into concrete actions
    throw new io.cucumber.java.PendingException();
}
@Then("item should be added to the cart")
public void item_should_be_added_to_the_cart() {
    // Write code here that turns the phrase above into concrete actions
    throw new io.cucumber.java.PendingException();
}
@Then("End cart")
public void end_cart() {
    // Write code here that turns the phrase above into concrete actions
    throw new io.cucumber.java.PendingException();
}

]]></error>
    <system-out><![CDATA[
@App
Scenario: user selects an item to be added to the cart &amp#27;[90m# src/main/resources/features/SC9_ShoppingCart.feature:4&amp#27;[0m
  &amp#27;[33mGiven &amp#27;[0m&amp#27;[33muser logged in to home page to add to cart&amp#27;[0m
  &amp#27;[36mWhen &amp#27;[0m&amp#27;[36muser adds an item to the cart&amp#27;[0m
  &amp#27;[36mThen &amp#27;[0m&amp#27;[36mitem should be added to the cart&amp#27;[0m
  &amp#27;[36mAnd &amp#27;[0m&amp#27;[36mEnd cart&amp#27;[0m
]]></system-out>
  </testcase>
</testsuite>